<?xml version="1.0" encoding="UTF-8"?>
<!-- Generated by org.testng.reporters.JUnitReportReporter -->
<testsuite hostname="SILCHQSW264" name="Shopno_NG.ShopnoTest" tests="1" failures="0" timestamp="7 Mar 2018 07:30:08 GMT" time="40.746" errors="0">
  <testcase name="main" time="40.746" classname="Shopno_NG.ShopnoTest"/>
</testsuite> <!-- Shopno_NG.ShopnoTest -->
